{"C:\\Users\\msyrr\\Desktop\\final\\PlantCare\\server\\index.js": {"path":"C:\\Users\\msyrr\\Desktop\\final\\PlantCare\\server\\index.js","statementMap":{"0":{"start":{"line":1,"column":0},"end":{"line":3,"column":1}},"1":{"start":{"line":2,"column":2},"end":{"line":2,"column":29}},"2":{"start":{"line":5,"column":16},"end":{"line":5,"column":34}},"3":{"start":{"line":6,"column":22},"end":{"line":6,"column":49}},"4":{"start":{"line":7,"column":13},"end":{"line":7,"column":28}},"5":{"start":{"line":8,"column":21},"end":{"line":8,"column":57}},"6":{"start":{"line":9,"column":15},"end":{"line":9,"column":34}},"7":{"start":{"line":11,"column":13},"end":{"line":11,"column":36}},"8":{"start":{"line":12,"column":12},"end":{"line":12,"column":21}},"9":{"start":{"line":14,"column":0},"end":{"line":14,"column":12}},"10":{"start":{"line":15,"column":0},"end":{"line":15,"column":16}},"11":{"start":{"line":16,"column":0},"end":{"line":16,"column":24}},"12":{"start":{"line":17,"column":0},"end":{"line":17,"column":44}},"13":{"start":{"line":19,"column":0},"end":{"line":19,"column":15}},"14":{"start":{"line":20,"column":0},"end":{"line":20,"column":22}},"15":{"start":{"line":22,"column":0},"end":{"line":26,"column":1}},"16":{"start":{"line":23,"column":2},"end":{"line":25,"column":5}},"17":{"start":{"line":24,"column":4},"end":{"line":24,"column":54}},"18":{"start":{"line":28,"column":0},"end":{"line":28,"column":21}}},"fnMap":{"0":{"name":"(anonymous_0)","decl":{"start":{"line":23,"column":19},"end":{"line":23,"column":20}},"loc":{"start":{"line":23,"column":25},"end":{"line":25,"column":3}},"line":23}},"branchMap":{"0":{"loc":{"start":{"line":1,"column":0},"end":{"line":3,"column":1}},"type":"if","locations":[{"start":{"line":1,"column":0},"end":{"line":3,"column":1}},{"start":{},"end":{}}],"line":1},"1":{"loc":{"start":{"line":11,"column":13},"end":{"line":11,"column":36}},"type":"binary-expr","locations":[{"start":{"line":11,"column":13},"end":{"line":11,"column":29}},{"start":{"line":11,"column":32},"end":{"line":11,"column":36}}],"line":11},"2":{"loc":{"start":{"line":22,"column":0},"end":{"line":26,"column":1}},"type":"if","locations":[{"start":{"line":22,"column":0},"end":{"line":26,"column":1}},{"start":{},"end":{}}],"line":22}},"s":{"0":6,"1":6,"2":6,"3":6,"4":6,"5":6,"6":6,"7":6,"8":6,"9":6,"10":6,"11":6,"12":6,"13":6,"14":6,"15":6,"16":0,"17":0,"18":6},"f":{"0":0},"b":{"0":[6,0],"1":[6,6],"2":[0,6]},"_coverageSchema":"1a1c01bbd47fc00a2c39e90264f33305004495a9","hash":"cece08055d574a23c134cf49ce858b4485aa2f96"}
,"C:\\Users\\msyrr\\Desktop\\final\\PlantCare\\server\\config\\firebase-config.js": {"path":"C:\\Users\\msyrr\\Desktop\\final\\PlantCare\\server\\config\\firebase-config.js","statementMap":{"0":{"start":{"line":2,"column":26},"end":{"line":2,"column":49}},"1":{"start":{"line":5,"column":23},"end":{"line":5,"column":50}},"2":{"start":{"line":7,"column":23},"end":{"line":14,"column":1}},"3":{"start":{"line":17,"column":12},"end":{"line":17,"column":41}},"4":{"start":{"line":18,"column":16},"end":{"line":18,"column":31}},"5":{"start":{"line":20,"column":0},"end":{"line":20,"column":25}}},"fnMap":{},"branchMap":{},"s":{"0":6,"1":6,"2":6,"3":6,"4":6,"5":6},"f":{},"b":{},"_coverageSchema":"1a1c01bbd47fc00a2c39e90264f33305004495a9","hash":"c85ff56aad95ce0f2bbb9b8767d9afd69a0bffbe"}
,"C:\\Users\\msyrr\\Desktop\\final\\PlantCare\\server\\config\\mongoDb.js": {"path":"C:\\Users\\msyrr\\Desktop\\final\\PlantCare\\server\\config\\mongoDb.js","statementMap":{"0":{"start":{"line":2,"column":24},"end":{"line":2,"column":42}},"1":{"start":{"line":4,"column":12},"end":{"line":4,"column":33}},"2":{"start":{"line":7,"column":18},"end":{"line":16,"column":1}},"3":{"start":{"line":8,"column":2},"end":{"line":15,"column":3}},"4":{"start":{"line":9,"column":19},"end":{"line":9,"column":100}},"5":{"start":{"line":10,"column":4},"end":{"line":10,"column":27}},"6":{"start":{"line":11,"column":4},"end":{"line":11,"column":36}},"7":{"start":{"line":12,"column":4},"end":{"line":12,"column":40}},"8":{"start":{"line":14,"column":4},"end":{"line":14,"column":23}},"9":{"start":{"line":18,"column":14},"end":{"line":23,"column":1}},"10":{"start":{"line":19,"column":2},"end":{"line":21,"column":3}},"11":{"start":{"line":20,"column":4},"end":{"line":20,"column":47}},"12":{"start":{"line":22,"column":2},"end":{"line":22,"column":12}},"13":{"start":{"line":25,"column":0},"end":{"line":25,"column":38}}},"fnMap":{"0":{"name":"(anonymous_0)","decl":{"start":{"line":7,"column":18},"end":{"line":7,"column":19}},"loc":{"start":{"line":7,"column":30},"end":{"line":16,"column":1}},"line":7},"1":{"name":"(anonymous_1)","decl":{"start":{"line":18,"column":14},"end":{"line":18,"column":15}},"loc":{"start":{"line":18,"column":20},"end":{"line":23,"column":1}},"line":18}},"branchMap":{"0":{"loc":{"start":{"line":19,"column":2},"end":{"line":21,"column":3}},"type":"if","locations":[{"start":{"line":19,"column":2},"end":{"line":21,"column":3}},{"start":{},"end":{}}],"line":19}},"s":{"0":6,"1":6,"2":6,"3":12,"4":12,"5":12,"6":12,"7":12,"8":0,"9":6,"10":76,"11":0,"12":76,"13":6},"f":{"0":12,"1":76},"b":{"0":[0,76]},"_coverageSchema":"1a1c01bbd47fc00a2c39e90264f33305004495a9","hash":"6cbc8ecf8918ba03b2320ce45c3f4e84546decb6"}
,"C:\\Users\\msyrr\\Desktop\\final\\PlantCare\\server\\controllers\\locationController.js": {"path":"C:\\Users\\msyrr\\Desktop\\final\\PlantCare\\server\\controllers\\locationController.js","statementMap":{"0":{"start":{"line":5,"column":4},"end":{"line":5,"column":38}},"1":{"start":{"line":9,"column":4},"end":{"line":15,"column":5}},"2":{"start":{"line":10,"column":21},"end":{"line":10,"column":32}},"3":{"start":{"line":11,"column":24},"end":{"line":11,"column":49}},"4":{"start":{"line":12,"column":6},"end":{"line":12,"column":38}},"5":{"start":{"line":14,"column":6},"end":{"line":14,"column":18}},"6":{"start":{"line":19,"column":4},"end":{"line":29,"column":5}},"7":{"start":{"line":20,"column":23},"end":{"line":20,"column":31}},"8":{"start":{"line":21,"column":21},"end":{"line":21,"column":32}},"9":{"start":{"line":22,"column":6},"end":{"line":24,"column":7}},"10":{"start":{"line":23,"column":8},"end":{"line":23,"column":69}},"11":{"start":{"line":25,"column":26},"end":{"line":25,"column":57}},"12":{"start":{"line":26,"column":6},"end":{"line":26,"column":40}},"13":{"start":{"line":28,"column":6},"end":{"line":28,"column":18}},"14":{"start":{"line":33,"column":4},"end":{"line":46,"column":5}},"15":{"start":{"line":34,"column":21},"end":{"line":34,"column":31}},"16":{"start":{"line":35,"column":23},"end":{"line":35,"column":31}},"17":{"start":{"line":37,"column":6},"end":{"line":39,"column":7}},"18":{"start":{"line":38,"column":8},"end":{"line":38,"column":69}},"19":{"start":{"line":41,"column":30},"end":{"line":41,"column":60}},"20":{"start":{"line":43,"column":6},"end":{"line":43,"column":44}},"21":{"start":{"line":45,"column":6},"end":{"line":45,"column":18}},"22":{"start":{"line":50,"column":0},"end":{"line":50,"column":36}}},"fnMap":{"0":{"name":"(anonymous_0)","decl":{"start":{"line":8,"column":2},"end":{"line":8,"column":3}},"loc":{"start":{"line":8,"column":47},"end":{"line":16,"column":3}},"line":8},"1":{"name":"(anonymous_1)","decl":{"start":{"line":18,"column":2},"end":{"line":18,"column":3}},"loc":{"start":{"line":18,"column":46},"end":{"line":30,"column":3}},"line":18},"2":{"name":"(anonymous_2)","decl":{"start":{"line":32,"column":2},"end":{"line":32,"column":3}},"loc":{"start":{"line":32,"column":44},"end":{"line":47,"column":3}},"line":32}},"branchMap":{"0":{"loc":{"start":{"line":22,"column":6},"end":{"line":24,"column":7}},"type":"if","locations":[{"start":{"line":22,"column":6},"end":{"line":24,"column":7}},{"start":{},"end":{}}],"line":22},"1":{"loc":{"start":{"line":37,"column":6},"end":{"line":39,"column":7}},"type":"if","locations":[{"start":{"line":37,"column":6},"end":{"line":39,"column":7}},{"start":{},"end":{}}],"line":37}},"s":{"0":6,"1":1,"2":1,"3":1,"4":1,"5":0,"6":2,"7":2,"8":2,"9":2,"10":1,"11":1,"12":1,"13":0,"14":2,"15":2,"16":2,"17":2,"18":1,"19":1,"20":1,"21":0,"22":6},"f":{"0":1,"1":2,"2":2},"b":{"0":[1,1],"1":[1,1]},"_coverageSchema":"1a1c01bbd47fc00a2c39e90264f33305004495a9","hash":"ca7326e4d0487ebbf5fcaa37e04dea15f0a9b1e7"}
,"C:\\Users\\msyrr\\Desktop\\final\\PlantCare\\server\\controllers\\myPlantController.js": {"path":"C:\\Users\\msyrr\\Desktop\\final\\PlantCare\\server\\controllers\\myPlantController.js","statementMap":{"0":{"start":{"line":1,"column":55},"end":{"line":1,"column":86}},"1":{"start":{"line":5,"column":4},"end":{"line":29,"column":5}},"2":{"start":{"line":6,"column":17},"end":{"line":6,"column":39}},"3":{"start":{"line":7,"column":23},"end":{"line":7,"column":44}},"4":{"start":{"line":8,"column":6},"end":{"line":22,"column":9}},"5":{"start":{"line":9,"column":8},"end":{"line":21,"column":9}},"6":{"start":{"line":10,"column":10},"end":{"line":20,"column":12}},"7":{"start":{"line":11,"column":12},"end":{"line":14,"column":13}},"8":{"start":{"line":12,"column":14},"end":{"line":12,"column":35}},"9":{"start":{"line":13,"column":14},"end":{"line":13,"column":32}},"10":{"start":{"line":15,"column":12},"end":{"line":19,"column":13}},"11":{"start":{"line":16,"column":14},"end":{"line":18,"column":15}},"12":{"start":{"line":17,"column":16},"end":{"line":17,"column":35}},"13":{"start":{"line":26,"column":6},"end":{"line":26,"column":37}},"14":{"start":{"line":28,"column":6},"end":{"line":28,"column":18}},"15":{"start":{"line":33,"column":4},"end":{"line":40,"column":5}},"16":{"start":{"line":34,"column":17},"end":{"line":34,"column":39}},"17":{"start":{"line":35,"column":28},"end":{"line":35,"column":38}},"18":{"start":{"line":36,"column":23},"end":{"line":36,"column":58}},"19":{"start":{"line":37,"column":6},"end":{"line":37,"column":37}},"20":{"start":{"line":39,"column":6},"end":{"line":39,"column":18}},"21":{"start":{"line":44,"column":4},"end":{"line":50,"column":5}},"22":{"start":{"line":45,"column":35},"end":{"line":45,"column":43}},"23":{"start":{"line":46,"column":28},"end":{"line":46,"column":65}},"24":{"start":{"line":47,"column":6},"end":{"line":47,"column":42}},"25":{"start":{"line":49,"column":6},"end":{"line":49,"column":18}},"26":{"start":{"line":54,"column":0},"end":{"line":54,"column":35}}},"fnMap":{"0":{"name":"(anonymous_0)","decl":{"start":{"line":4,"column":2},"end":{"line":4,"column":3}},"loc":{"start":{"line":4,"column":46},"end":{"line":30,"column":3}},"line":4},"1":{"name":"(anonymous_1)","decl":{"start":{"line":8,"column":23},"end":{"line":8,"column":24}},"loc":{"start":{"line":8,"column":34},"end":{"line":22,"column":7}},"line":8},"2":{"name":"(anonymous_2)","decl":{"start":{"line":10,"column":34},"end":{"line":10,"column":35}},"loc":{"start":{"line":10,"column":44},"end":{"line":20,"column":11}},"line":10},"3":{"name":"(anonymous_3)","decl":{"start":{"line":32,"column":2},"end":{"line":32,"column":3}},"loc":{"start":{"line":32,"column":46},"end":{"line":41,"column":3}},"line":32},"4":{"name":"(anonymous_4)","decl":{"start":{"line":43,"column":2},"end":{"line":43,"column":3}},"loc":{"start":{"line":43,"column":45},"end":{"line":51,"column":3}},"line":43}},"branchMap":{"0":{"loc":{"start":{"line":9,"column":8},"end":{"line":21,"column":9}},"type":"if","locations":[{"start":{"line":9,"column":8},"end":{"line":21,"column":9}},{"start":{},"end":{}}],"line":9},"1":{"loc":{"start":{"line":11,"column":12},"end":{"line":14,"column":13}},"type":"if","locations":[{"start":{"line":11,"column":12},"end":{"line":14,"column":13}},{"start":{},"end":{}}],"line":11},"2":{"loc":{"start":{"line":15,"column":12},"end":{"line":19,"column":13}},"type":"if","locations":[{"start":{"line":15,"column":12},"end":{"line":19,"column":13}},{"start":{},"end":{}}],"line":15},"3":{"loc":{"start":{"line":15,"column":15},"end":{"line":15,"column":43}},"type":"binary-expr","locations":[{"start":{"line":15,"column":15},"end":{"line":15,"column":28}},{"start":{"line":15,"column":32},"end":{"line":15,"column":43}}],"line":15},"4":{"loc":{"start":{"line":16,"column":14},"end":{"line":18,"column":15}},"type":"if","locations":[{"start":{"line":16,"column":14},"end":{"line":18,"column":15}},{"start":{},"end":{}}],"line":16}},"s":{"0":6,"1":1,"2":1,"3":1,"4":1,"5":1,"6":1,"7":1,"8":0,"9":0,"10":1,"11":0,"12":0,"13":1,"14":0,"15":2,"16":2,"17":2,"18":2,"19":1,"20":1,"21":1,"22":1,"23":1,"24":1,"25":0,"26":6},"f":{"0":1,"1":1,"2":1,"3":2,"4":1},"b":{"0":[1,0],"1":[0,1],"2":[0,1],"3":[1,1],"4":[0,0]},"_coverageSchema":"1a1c01bbd47fc00a2c39e90264f33305004495a9","hash":"685e25d11ad0b658c7466ffdc355814504492f35"}
,"C:\\Users\\msyrr\\Desktop\\final\\PlantCare\\server\\controllers\\paymentController.js": {"path":"C:\\Users\\msyrr\\Desktop\\final\\PlantCare\\server\\controllers\\paymentController.js","statementMap":{"0":{"start":{"line":1,"column":23},"end":{"line":1,"column":49}},"1":{"start":{"line":2,"column":18},"end":{"line":2,"column":46}},"2":{"start":{"line":3,"column":21},"end":{"line":3,"column":39}},"3":{"start":{"line":4,"column":24},"end":{"line":4,"column":54}},"4":{"start":{"line":6,"column":32},"end":{"line":9,"column":1}},"5":{"start":{"line":7,"column":13},"end":{"line":7,"column":47}},"6":{"start":{"line":8,"column":2},"end":{"line":8,"column":73}},"7":{"start":{"line":11,"column":20},"end":{"line":14,"column":1}},"8":{"start":{"line":12,"column":13},"end":{"line":12,"column":47}},"9":{"start":{"line":13,"column":2},"end":{"line":13,"column":49}},"10":{"start":{"line":16,"column":26},"end":{"line":24,"column":1}},"11":{"start":{"line":17,"column":13},"end":{"line":17,"column":47}},"12":{"start":{"line":18,"column":2},"end":{"line":23,"column":6}},"13":{"start":{"line":28,"column":4},"end":{"line":101,"column":5}},"14":{"start":{"line":29,"column":19},"end":{"line":33,"column":8}},"15":{"start":{"line":34,"column":6},"end":{"line":34,"column":50}},"16":{"start":{"line":35,"column":6},"end":{"line":35,"column":50}},"17":{"start":{"line":36,"column":18},"end":{"line":36,"column":40}},"18":{"start":{"line":37,"column":23},"end":{"line":37,"column":40}},"19":{"start":{"line":38,"column":6},"end":{"line":38,"column":39}},"20":{"start":{"line":39,"column":6},"end":{"line":43,"column":7}},"21":{"start":{"line":40,"column":8},"end":{"line":42,"column":64}},"22":{"start":{"line":45,"column":26},"end":{"line":45,"column":60}},"23":{"start":{"line":46,"column":6},"end":{"line":48,"column":7}},"24":{"start":{"line":47,"column":8},"end":{"line":47,"column":80}},"25":{"start":{"line":50,"column":21},"end":{"line":50,"column":49}},"26":{"start":{"line":51,"column":22},"end":{"line":51,"column":36}},"27":{"start":{"line":52,"column":21},"end":{"line":52,"column":32}},"28":{"start":{"line":53,"column":19},"end":{"line":53,"column":44}},"29":{"start":{"line":55,"column":6},"end":{"line":57,"column":7}},"30":{"start":{"line":56,"column":8},"end":{"line":56,"column":67}},"31":{"start":{"line":59,"column":22},"end":{"line":73,"column":7}},"32":{"start":{"line":75,"column":26},"end":{"line":75,"column":65}},"33":{"start":{"line":76,"column":29},"end":{"line":76,"column":46}},"34":{"start":{"line":79,"column":20},"end":{"line":89,"column":7}},"35":{"start":{"line":91,"column":6},"end":{"line":91,"column":31}},"36":{"start":{"line":93,"column":6},"end":{"line":97,"column":9}},"37":{"start":{"line":99,"column":6},"end":{"line":99,"column":47}},"38":{"start":{"line":100,"column":6},"end":{"line":100,"column":18}},"39":{"start":{"line":105,"column":0},"end":{"line":105,"column":43}}},"fnMap":{"0":{"name":"(anonymous_0)","decl":{"start":{"line":6,"column":32},"end":{"line":6,"column":33}},"loc":{"start":{"line":6,"column":46},"end":{"line":9,"column":1}},"line":6},"1":{"name":"(anonymous_1)","decl":{"start":{"line":11,"column":20},"end":{"line":11,"column":21}},"loc":{"start":{"line":11,"column":37},"end":{"line":14,"column":1}},"line":11},"2":{"name":"(anonymous_2)","decl":{"start":{"line":16,"column":26},"end":{"line":16,"column":27}},"loc":{"start":{"line":16,"column":53},"end":{"line":24,"column":1}},"line":16},"3":{"name":"(anonymous_3)","decl":{"start":{"line":27,"column":2},"end":{"line":27,"column":3}},"loc":{"start":{"line":27,"column":49},"end":{"line":102,"column":3}},"line":27}},"branchMap":{"0":{"loc":{"start":{"line":39,"column":6},"end":{"line":43,"column":7}},"type":"if","locations":[{"start":{"line":39,"column":6},"end":{"line":43,"column":7}},{"start":{},"end":{}}],"line":39},"1":{"loc":{"start":{"line":39,"column":10},"end":{"line":39,"column":36}},"type":"binary-expr","locations":[{"start":{"line":39,"column":10},"end":{"line":39,"column":19}},{"start":{"line":39,"column":23},"end":{"line":39,"column":36}}],"line":39},"2":{"loc":{"start":{"line":46,"column":6},"end":{"line":48,"column":7}},"type":"if","locations":[{"start":{"line":46,"column":6},"end":{"line":48,"column":7}},{"start":{},"end":{}}],"line":46},"3":{"loc":{"start":{"line":55,"column":6},"end":{"line":57,"column":7}},"type":"if","locations":[{"start":{"line":55,"column":6},"end":{"line":57,"column":7}},{"start":{},"end":{}}],"line":55}},"s":{"0":6,"1":6,"2":6,"3":6,"4":6,"5":2,"6":2,"7":6,"8":1,"9":1,"10":6,"11":0,"12":0,"13":3,"14":3,"15":3,"16":3,"17":3,"18":3,"19":3,"20":3,"21":1,"22":2,"23":2,"24":1,"25":1,"26":1,"27":1,"28":1,"29":1,"30":0,"31":1,"32":1,"33":1,"34":1,"35":1,"36":1,"37":0,"38":0,"39":6},"f":{"0":2,"1":1,"2":0,"3":3},"b":{"0":[1,2],"1":[3,2],"2":[1,1],"3":[0,1]},"_coverageSchema":"1a1c01bbd47fc00a2c39e90264f33305004495a9","hash":"11dbb35c42ea2b75e7aded3987aaa13ffbf62a45"}
,"C:\\Users\\msyrr\\Desktop\\final\\PlantCare\\server\\controllers\\plantController.js": {"path":"C:\\Users\\msyrr\\Desktop\\final\\PlantCare\\server\\controllers\\plantController.js","statementMap":{"0":{"start":{"line":1,"column":21},"end":{"line":1,"column":39}},"1":{"start":{"line":7,"column":4},"end":{"line":7,"column":35}},"2":{"start":{"line":9,"column":16},"end":{"line":9,"column":52}},"3":{"start":{"line":10,"column":23},"end":{"line":10,"column":38}},"4":{"start":{"line":11,"column":45},"end":{"line":11,"column":72}},"5":{"start":{"line":15,"column":4},"end":{"line":20,"column":5}},"6":{"start":{"line":16,"column":21},"end":{"line":16,"column":38}},"7":{"start":{"line":17,"column":6},"end":{"line":17,"column":35}},"8":{"start":{"line":19,"column":6},"end":{"line":19,"column":18}},"9":{"start":{"line":24,"column":4},"end":{"line":32,"column":5}},"10":{"start":{"line":25,"column":20},"end":{"line":25,"column":53}},"11":{"start":{"line":26,"column":6},"end":{"line":28,"column":7}},"12":{"start":{"line":27,"column":8},"end":{"line":27,"column":41}},"13":{"start":{"line":29,"column":6},"end":{"line":29,"column":34}},"14":{"start":{"line":31,"column":6},"end":{"line":31,"column":18}},"15":{"start":{"line":36,"column":4},"end":{"line":64,"column":5}},"16":{"start":{"line":37,"column":21},"end":{"line":37,"column":43}},"17":{"start":{"line":38,"column":22},"end":{"line":38,"column":30}},"18":{"start":{"line":39,"column":6},"end":{"line":41,"column":7}},"19":{"start":{"line":40,"column":8},"end":{"line":40,"column":57}},"20":{"start":{"line":43,"column":23},"end":{"line":43,"column":48}},"21":{"start":{"line":44,"column":23},"end":{"line":44,"column":45}},"22":{"start":{"line":45,"column":23},"end":{"line":45,"column":66}},"23":{"start":{"line":46,"column":21},"end":{"line":46,"column":55}},"24":{"start":{"line":48,"column":51},"end":{"line":48,"column":59}},"25":{"start":{"line":49,"column":25},"end":{"line":57,"column":7}},"26":{"start":{"line":59,"column":21},"end":{"line":59,"column":51}},"27":{"start":{"line":60,"column":6},"end":{"line":60,"column":53}},"28":{"start":{"line":61,"column":6},"end":{"line":61,"column":35}},"29":{"start":{"line":63,"column":6},"end":{"line":63,"column":18}},"30":{"start":{"line":70,"column":0},"end":{"line":70,"column":33}}},"fnMap":{"0":{"name":"(anonymous_0)","decl":{"start":{"line":14,"column":2},"end":{"line":14,"column":3}},"loc":{"start":{"line":14,"column":44},"end":{"line":21,"column":3}},"line":14},"1":{"name":"(anonymous_1)","decl":{"start":{"line":23,"column":2},"end":{"line":23,"column":3}},"loc":{"start":{"line":23,"column":44},"end":{"line":33,"column":3}},"line":23},"2":{"name":"(anonymous_2)","decl":{"start":{"line":35,"column":2},"end":{"line":35,"column":3}},"loc":{"start":{"line":35,"column":44},"end":{"line":65,"column":3}},"line":35}},"branchMap":{"0":{"loc":{"start":{"line":26,"column":6},"end":{"line":28,"column":7}},"type":"if","locations":[{"start":{"line":26,"column":6},"end":{"line":28,"column":7}},{"start":{},"end":{}}],"line":26},"1":{"loc":{"start":{"line":39,"column":6},"end":{"line":41,"column":7}},"type":"if","locations":[{"start":{"line":39,"column":6},"end":{"line":41,"column":7}},{"start":{},"end":{}}],"line":39}},"s":{"0":6,"1":6,"2":6,"3":6,"4":6,"5":1,"6":1,"7":1,"8":0,"9":2,"10":2,"11":2,"12":1,"13":1,"14":1,"15":3,"16":3,"17":3,"18":3,"19":1,"20":2,"21":2,"22":2,"23":2,"24":2,"25":2,"26":2,"27":2,"28":2,"29":0,"30":6},"f":{"0":1,"1":2,"2":3},"b":{"0":[1,1],"1":[1,2]},"_coverageSchema":"1a1c01bbd47fc00a2c39e90264f33305004495a9","hash":"5f4dd9816e4f284eb0be271e62022efc3d980165"}
,"C:\\Users\\msyrr\\Desktop\\final\\PlantCare\\server\\controllers\\shopController.js": {"path":"C:\\Users\\msyrr\\Desktop\\final\\PlantCare\\server\\controllers\\shopController.js","statementMap":{"0":{"start":{"line":6,"column":4},"end":{"line":6,"column":34}},"1":{"start":{"line":10,"column":4},"end":{"line":15,"column":5}},"2":{"start":{"line":11,"column":21},"end":{"line":11,"column":48}},"3":{"start":{"line":12,"column":6},"end":{"line":12,"column":35}},"4":{"start":{"line":14,"column":6},"end":{"line":14,"column":18}},"5":{"start":{"line":19,"column":4},"end":{"line":27,"column":5}},"6":{"start":{"line":20,"column":20},"end":{"line":20,"column":64}},"7":{"start":{"line":21,"column":6},"end":{"line":23,"column":7}},"8":{"start":{"line":22,"column":8},"end":{"line":22,"column":41}},"9":{"start":{"line":24,"column":6},"end":{"line":24,"column":34}},"10":{"start":{"line":26,"column":6},"end":{"line":26,"column":18}},"11":{"start":{"line":31,"column":4},"end":{"line":37,"column":5}},"12":{"start":{"line":32,"column":21},"end":{"line":32,"column":32}},"13":{"start":{"line":33,"column":21},"end":{"line":33,"column":50}},"14":{"start":{"line":34,"column":6},"end":{"line":34,"column":23}},"15":{"start":{"line":36,"column":6},"end":{"line":36,"column":66}},"16":{"start":{"line":41,"column":4},"end":{"line":48,"column":5}},"17":{"start":{"line":42,"column":26},"end":{"line":42,"column":36}},"18":{"start":{"line":43,"column":6},"end":{"line":43,"column":26}},"19":{"start":{"line":44,"column":27},"end":{"line":44,"column":59}},"20":{"start":{"line":45,"column":6},"end":{"line":45,"column":41}},"21":{"start":{"line":47,"column":6},"end":{"line":47,"column":18}},"22":{"start":{"line":53,"column":0},"end":{"line":53,"column":32}}},"fnMap":{"0":{"name":"(anonymous_0)","decl":{"start":{"line":9,"column":2},"end":{"line":9,"column":3}},"loc":{"start":{"line":9,"column":51},"end":{"line":16,"column":3}},"line":9},"1":{"name":"(anonymous_1)","decl":{"start":{"line":18,"column":2},"end":{"line":18,"column":3}},"loc":{"start":{"line":18,"column":54},"end":{"line":28,"column":3}},"line":18},"2":{"name":"(anonymous_2)","decl":{"start":{"line":30,"column":2},"end":{"line":30,"column":3}},"loc":{"start":{"line":30,"column":41},"end":{"line":38,"column":3}},"line":30},"3":{"name":"(anonymous_3)","decl":{"start":{"line":40,"column":2},"end":{"line":40,"column":3}},"loc":{"start":{"line":40,"column":49},"end":{"line":49,"column":3}},"line":40}},"branchMap":{"0":{"loc":{"start":{"line":21,"column":6},"end":{"line":23,"column":7}},"type":"if","locations":[{"start":{"line":21,"column":6},"end":{"line":23,"column":7}},{"start":{},"end":{}}],"line":21}},"s":{"0":6,"1":1,"2":1,"3":1,"4":0,"5":2,"6":2,"7":2,"8":1,"9":1,"10":1,"11":1,"12":1,"13":1,"14":1,"15":0,"16":1,"17":1,"18":1,"19":1,"20":1,"21":0,"22":6},"f":{"0":1,"1":2,"2":1,"3":1},"b":{"0":[1,1]},"_coverageSchema":"1a1c01bbd47fc00a2c39e90264f33305004495a9","hash":"5db8df8a1ac26364690a19c2970a5bcae9449a99"}
,"C:\\Users\\msyrr\\Desktop\\final\\PlantCare\\server\\controllers\\userController.js": {"path":"C:\\Users\\msyrr\\Desktop\\final\\PlantCare\\server\\controllers\\userController.js","statementMap":{"0":{"start":{"line":1,"column":34},"end":{"line":1,"column":62}},"1":{"start":{"line":2,"column":22},"end":{"line":2,"column":47}},"2":{"start":{"line":3,"column":15},"end":{"line":3,"column":32}},"3":{"start":{"line":4,"column":17},"end":{"line":4,"column":44}},"4":{"start":{"line":8,"column":16},"end":{"line":8,"column":52}},"5":{"start":{"line":9,"column":45},"end":{"line":9,"column":72}},"6":{"start":{"line":10,"column":23},"end":{"line":10,"column":38}},"7":{"start":{"line":20,"column":4},"end":{"line":20,"column":34}},"8":{"start":{"line":21,"column":40},"end":{"line":21,"column":72}},"9":{"start":{"line":25,"column":4},"end":{"line":30,"column":5}},"10":{"start":{"line":26,"column":20},"end":{"line":26,"column":36}},"11":{"start":{"line":27,"column":6},"end":{"line":27,"column":34}},"12":{"start":{"line":29,"column":6},"end":{"line":29,"column":18}},"13":{"start":{"line":34,"column":4},"end":{"line":44,"column":5}},"14":{"start":{"line":35,"column":21},"end":{"line":35,"column":43}},"15":{"start":{"line":37,"column":19},"end":{"line":37,"column":44}},"16":{"start":{"line":38,"column":6},"end":{"line":40,"column":7}},"17":{"start":{"line":39,"column":8},"end":{"line":39,"column":41}},"18":{"start":{"line":41,"column":6},"end":{"line":41,"column":33}},"19":{"start":{"line":43,"column":6},"end":{"line":43,"column":18}},"20":{"start":{"line":48,"column":4},"end":{"line":55,"column":5}},"21":{"start":{"line":49,"column":26},"end":{"line":49,"column":34}},"22":{"start":{"line":50,"column":21},"end":{"line":50,"column":43}},"23":{"start":{"line":51,"column":19},"end":{"line":51,"column":53}},"24":{"start":{"line":52,"column":6},"end":{"line":52,"column":33}},"25":{"start":{"line":54,"column":6},"end":{"line":54,"column":18}},"26":{"start":{"line":59,"column":4},"end":{"line":88,"column":5}},"27":{"start":{"line":60,"column":21},"end":{"line":60,"column":46}},"28":{"start":{"line":61,"column":19},"end":{"line":61,"column":27}},"29":{"start":{"line":63,"column":22},"end":{"line":63,"column":30}},"30":{"start":{"line":65,"column":6},"end":{"line":67,"column":7}},"31":{"start":{"line":66,"column":8},"end":{"line":66,"column":62}},"32":{"start":{"line":69,"column":23},"end":{"line":69,"column":48}},"33":{"start":{"line":71,"column":23},"end":{"line":71,"column":45}},"34":{"start":{"line":72,"column":23},"end":{"line":72,"column":66}},"35":{"start":{"line":74,"column":21},"end":{"line":74,"column":55}},"36":{"start":{"line":75,"column":22},"end":{"line":80,"column":7}},"37":{"start":{"line":83,"column":26},"end":{"line":83,"column":57}},"38":{"start":{"line":85,"column":6},"end":{"line":85,"column":40}},"39":{"start":{"line":87,"column":6},"end":{"line":87,"column":18}},"40":{"start":{"line":92,"column":4},"end":{"line":119,"column":5}},"41":{"start":{"line":93,"column":50},"end":{"line":95,"column":7}},"42":{"start":{"line":97,"column":37},"end":{"line":97,"column":70}},"43":{"start":{"line":98,"column":6},"end":{"line":100,"column":7}},"44":{"start":{"line":99,"column":8},"end":{"line":99,"column":50}},"45":{"start":{"line":102,"column":34},"end":{"line":102,"column":61}},"46":{"start":{"line":103,"column":6},"end":{"line":105,"column":7}},"47":{"start":{"line":104,"column":8},"end":{"line":104,"column":47}},"48":{"start":{"line":107,"column":29},"end":{"line":107,"column":47}},"49":{"start":{"line":108,"column":19},"end":{"line":113,"column":8}},"50":{"start":{"line":114,"column":6},"end":{"line":116,"column":53}},"51":{"start":{"line":118,"column":6},"end":{"line":118,"column":18}},"52":{"start":{"line":123,"column":4},"end":{"line":141,"column":5}},"53":{"start":{"line":124,"column":34},"end":{"line":124,"column":61}},"54":{"start":{"line":126,"column":19},"end":{"line":126,"column":46}},"55":{"start":{"line":127,"column":6},"end":{"line":129,"column":7}},"56":{"start":{"line":128,"column":8},"end":{"line":128,"column":41}},"57":{"start":{"line":131,"column":24},"end":{"line":131,"column":60}},"58":{"start":{"line":132,"column":6},"end":{"line":134,"column":7}},"59":{"start":{"line":133,"column":8},"end":{"line":133,"column":41}},"60":{"start":{"line":136,"column":27},"end":{"line":136,"column":79}},"61":{"start":{"line":138,"column":6},"end":{"line":138,"column":77}},"62":{"start":{"line":140,"column":6},"end":{"line":140,"column":18}},"63":{"start":{"line":145,"column":0},"end":{"line":145,"column":32}}},"fnMap":{"0":{"name":"(anonymous_0)","decl":{"start":{"line":24,"column":2},"end":{"line":24,"column":3}},"loc":{"start":{"line":24,"column":40},"end":{"line":31,"column":3}},"line":24},"1":{"name":"(anonymous_1)","decl":{"start":{"line":33,"column":2},"end":{"line":33,"column":3}},"loc":{"start":{"line":33,"column":43},"end":{"line":45,"column":3}},"line":33},"2":{"name":"(anonymous_2)","decl":{"start":{"line":47,"column":2},"end":{"line":47,"column":3}},"loc":{"start":{"line":47,"column":43},"end":{"line":56,"column":3}},"line":47},"3":{"name":"(anonymous_3)","decl":{"start":{"line":58,"column":2},"end":{"line":58,"column":3}},"loc":{"start":{"line":58,"column":40},"end":{"line":89,"column":3}},"line":58},"4":{"name":"(anonymous_4)","decl":{"start":{"line":91,"column":2},"end":{"line":91,"column":3}},"loc":{"start":{"line":91,"column":40},"end":{"line":120,"column":3}},"line":91},"5":{"name":"(anonymous_5)","decl":{"start":{"line":122,"column":2},"end":{"line":122,"column":3}},"loc":{"start":{"line":122,"column":37},"end":{"line":142,"column":3}},"line":122}},"branchMap":{"0":{"loc":{"start":{"line":38,"column":6},"end":{"line":40,"column":7}},"type":"if","locations":[{"start":{"line":38,"column":6},"end":{"line":40,"column":7}},{"start":{},"end":{}}],"line":38},"1":{"loc":{"start":{"line":65,"column":6},"end":{"line":67,"column":7}},"type":"if","locations":[{"start":{"line":65,"column":6},"end":{"line":67,"column":7}},{"start":{},"end":{}}],"line":65},"2":{"loc":{"start":{"line":98,"column":6},"end":{"line":100,"column":7}},"type":"if","locations":[{"start":{"line":98,"column":6},"end":{"line":100,"column":7}},{"start":{},"end":{}}],"line":98},"3":{"loc":{"start":{"line":103,"column":6},"end":{"line":105,"column":7}},"type":"if","locations":[{"start":{"line":103,"column":6},"end":{"line":105,"column":7}},{"start":{},"end":{}}],"line":103},"4":{"loc":{"start":{"line":127,"column":6},"end":{"line":129,"column":7}},"type":"if","locations":[{"start":{"line":127,"column":6},"end":{"line":129,"column":7}},{"start":{},"end":{}}],"line":127},"5":{"loc":{"start":{"line":132,"column":6},"end":{"line":134,"column":7}},"type":"if","locations":[{"start":{"line":132,"column":6},"end":{"line":134,"column":7}},{"start":{},"end":{}}],"line":132}},"s":{"0":6,"1":6,"2":6,"3":6,"4":6,"5":6,"6":6,"7":6,"8":6,"9":0,"10":0,"11":0,"12":0,"13":1,"14":1,"15":1,"16":1,"17":0,"18":1,"19":0,"20":1,"21":1,"22":1,"23":1,"24":1,"25":0,"26":2,"27":2,"28":2,"29":2,"30":2,"31":1,"32":1,"33":1,"34":1,"35":1,"36":1,"37":1,"38":1,"39":0,"40":2,"41":2,"42":1,"43":1,"44":0,"45":1,"46":1,"47":0,"48":1,"49":1,"50":1,"51":1,"52":8,"53":8,"54":7,"55":7,"56":0,"57":7,"58":7,"59":1,"60":6,"61":6,"62":2,"63":6},"f":{"0":0,"1":1,"2":1,"3":2,"4":2,"5":8},"b":{"0":[0,1],"1":[1,1],"2":[0,1],"3":[0,1],"4":[0,7],"5":[1,6]},"_coverageSchema":"1a1c01bbd47fc00a2c39e90264f33305004495a9","hash":"321a0a5fa417a5e38ea4266d9636ba46552067e9"}
,"C:\\Users\\msyrr\\Desktop\\final\\PlantCare\\server\\helpers\\bcrypt.js": {"path":"C:\\Users\\msyrr\\Desktop\\final\\PlantCare\\server\\helpers\\bcrypt.js","statementMap":{"0":{"start":{"line":1,"column":15},"end":{"line":1,"column":34}},"1":{"start":{"line":3,"column":17},"end":{"line":6,"column":1}},"2":{"start":{"line":4,"column":15},"end":{"line":4,"column":37}},"3":{"start":{"line":5,"column":2},"end":{"line":5,"column":41}},"4":{"start":{"line":8,"column":20},"end":{"line":10,"column":1}},"5":{"start":{"line":9,"column":2},"end":{"line":9,"column":50}},"6":{"start":{"line":12,"column":0},"end":{"line":12,"column":43}}},"fnMap":{"0":{"name":"(anonymous_0)","decl":{"start":{"line":3,"column":17},"end":{"line":3,"column":18}},"loc":{"start":{"line":3,"column":31},"end":{"line":6,"column":1}},"line":3},"1":{"name":"(anonymous_1)","decl":{"start":{"line":8,"column":20},"end":{"line":8,"column":21}},"loc":{"start":{"line":8,"column":46},"end":{"line":10,"column":1}},"line":8}},"branchMap":{},"s":{"0":6,"1":6,"2":1,"3":1,"4":6,"5":7,"6":6},"f":{"0":1,"1":7},"b":{},"_coverageSchema":"1a1c01bbd47fc00a2c39e90264f33305004495a9","hash":"70468f143678d5455b08a58e01a7518994c87736"}
,"C:\\Users\\msyrr\\Desktop\\final\\PlantCare\\server\\helpers\\jwt.js": {"path":"C:\\Users\\msyrr\\Desktop\\final\\PlantCare\\server\\helpers\\jwt.js","statementMap":{"0":{"start":{"line":1,"column":12},"end":{"line":1,"column":35}},"1":{"start":{"line":3,"column":15},"end":{"line":3,"column":33}},"2":{"start":{"line":5,"column":18},"end":{"line":7,"column":1}},"3":{"start":{"line":6,"column":2},"end":{"line":6,"column":35}},"4":{"start":{"line":9,"column":20},"end":{"line":11,"column":1}},"5":{"start":{"line":10,"column":2},"end":{"line":10,"column":35}},"6":{"start":{"line":13,"column":0},"end":{"line":16,"column":2}}},"fnMap":{"0":{"name":"(anonymous_0)","decl":{"start":{"line":5,"column":18},"end":{"line":5,"column":19}},"loc":{"start":{"line":5,"column":31},"end":{"line":7,"column":1}},"line":5},"1":{"name":"(anonymous_1)","decl":{"start":{"line":9,"column":20},"end":{"line":9,"column":21}},"loc":{"start":{"line":9,"column":31},"end":{"line":11,"column":1}},"line":9}},"branchMap":{},"s":{"0":6,"1":6,"2":6,"3":6,"4":6,"5":26,"6":6},"f":{"0":6,"1":26},"b":{},"_coverageSchema":"1a1c01bbd47fc00a2c39e90264f33305004495a9","hash":"5846b88047305a9254073f2752b519b2cd57b7b6"}
,"C:\\Users\\msyrr\\Desktop\\final\\PlantCare\\server\\middleware\\authentication.js": {"path":"C:\\Users\\msyrr\\Desktop\\final\\PlantCare\\server\\middleware\\authentication.js","statementMap":{"0":{"start":{"line":1,"column":24},"end":{"line":1,"column":49}},"1":{"start":{"line":2,"column":17},"end":{"line":2,"column":44}},"2":{"start":{"line":3,"column":18},"end":{"line":3,"column":46}},"3":{"start":{"line":6,"column":2},"end":{"line":31,"column":3}},"4":{"start":{"line":7,"column":15},"end":{"line":7,"column":22}},"5":{"start":{"line":8,"column":4},"end":{"line":10,"column":5}},"6":{"start":{"line":9,"column":6},"end":{"line":9,"column":37}},"7":{"start":{"line":12,"column":18},"end":{"line":12,"column":57}},"8":{"start":{"line":13,"column":20},"end":{"line":13,"column":38}},"9":{"start":{"line":15,"column":17},"end":{"line":17,"column":49}},"10":{"start":{"line":19,"column":4},"end":{"line":21,"column":5}},"11":{"start":{"line":20,"column":6},"end":{"line":20,"column":37}},"12":{"start":{"line":23,"column":4},"end":{"line":26,"column":6}},"13":{"start":{"line":28,"column":4},"end":{"line":28,"column":11}},"14":{"start":{"line":30,"column":4},"end":{"line":30,"column":16}},"15":{"start":{"line":34,"column":0},"end":{"line":34,"column":32}}},"fnMap":{"0":{"name":"authentication","decl":{"start":{"line":5,"column":15},"end":{"line":5,"column":29}},"loc":{"start":{"line":5,"column":46},"end":{"line":32,"column":1}},"line":5}},"branchMap":{"0":{"loc":{"start":{"line":8,"column":4},"end":{"line":10,"column":5}},"type":"if","locations":[{"start":{"line":8,"column":4},"end":{"line":10,"column":5}},{"start":{},"end":{}}],"line":8},"1":{"loc":{"start":{"line":19,"column":4},"end":{"line":21,"column":5}},"type":"if","locations":[{"start":{"line":19,"column":4},"end":{"line":21,"column":5}},{"start":{},"end":{}}],"line":19}},"s":{"0":6,"1":6,"2":6,"3":30,"4":30,"5":30,"6":4,"7":26,"8":26,"9":24,"10":24,"11":0,"12":24,"13":24,"14":6,"15":6},"f":{"0":30},"b":{"0":[4,26],"1":[0,24]},"_coverageSchema":"1a1c01bbd47fc00a2c39e90264f33305004495a9","hash":"b81d8c6d9c8cdf19a68f7796171b32db51f26417"}
,"C:\\Users\\msyrr\\Desktop\\final\\PlantCare\\server\\middleware\\errorHandler.js": {"path":"C:\\Users\\msyrr\\Desktop\\final\\PlantCare\\server\\middleware\\errorHandler.js","statementMap":{"0":{"start":{"line":2,"column":2},"end":{"line":2,"column":21}},"1":{"start":{"line":3,"column":2},"end":{"line":44,"column":3}},"2":{"start":{"line":5,"column":20},"end":{"line":5,"column":58}},"3":{"start":{"line":5,"column":46},"end":{"line":5,"column":57}},"4":{"start":{"line":6,"column":6},"end":{"line":8,"column":9}},"5":{"start":{"line":9,"column":6},"end":{"line":9,"column":12}},"6":{"start":{"line":12,"column":27},"end":{"line":14,"column":25}},"7":{"start":{"line":13,"column":35},"end":{"line":13,"column":45}},"8":{"start":{"line":15,"column":6},"end":{"line":17,"column":9}},"9":{"start":{"line":18,"column":6},"end":{"line":18,"column":12}},"10":{"start":{"line":20,"column":6},"end":{"line":22,"column":9}},"11":{"start":{"line":23,"column":6},"end":{"line":23,"column":12}},"12":{"start":{"line":25,"column":6},"end":{"line":27,"column":9}},"13":{"start":{"line":28,"column":6},"end":{"line":28,"column":12}},"14":{"start":{"line":30,"column":6},"end":{"line":32,"column":9}},"15":{"start":{"line":33,"column":6},"end":{"line":33,"column":12}},"16":{"start":{"line":35,"column":8},"end":{"line":37,"column":9}},"17":{"start":{"line":38,"column":6},"end":{"line":38,"column":12}},"18":{"start":{"line":40,"column":6},"end":{"line":42,"column":9}},"19":{"start":{"line":43,"column":6},"end":{"line":43,"column":12}},"20":{"start":{"line":47,"column":0},"end":{"line":47,"column":30}}},"fnMap":{"0":{"name":"errorHandler","decl":{"start":{"line":1,"column":15},"end":{"line":1,"column":27}},"loc":{"start":{"line":1,"column":51},"end":{"line":45,"column":1}},"line":1},"1":{"name":"(anonymous_1)","decl":{"start":{"line":5,"column":37},"end":{"line":5,"column":38}},"loc":{"start":{"line":5,"column":46},"end":{"line":5,"column":57}},"line":5},"2":{"name":"(anonymous_2)","decl":{"start":{"line":13,"column":27},"end":{"line":13,"column":28}},"loc":{"start":{"line":13,"column":35},"end":{"line":13,"column":45}},"line":13}},"branchMap":{"0":{"loc":{"start":{"line":3,"column":2},"end":{"line":44,"column":3}},"type":"switch","locations":[{"start":{"line":4,"column":4},"end":{"line":9,"column":12}},{"start":{"line":10,"column":4},"end":{"line":10,"column":27}},{"start":{"line":11,"column":4},"end":{"line":18,"column":12}},{"start":{"line":19,"column":4},"end":{"line":23,"column":12}},{"start":{"line":24,"column":4},"end":{"line":28,"column":12}},{"start":{"line":29,"column":4},"end":{"line":33,"column":12}},{"start":{"line":34,"column":6},"end":{"line":38,"column":12}},{"start":{"line":39,"column":4},"end":{"line":43,"column":12}}],"line":3},"1":{"loc":{"start":{"line":12,"column":27},"end":{"line":14,"column":25}},"type":"cond-expr","locations":[{"start":{"line":13,"column":10},"end":{"line":13,"column":46}},{"start":{"line":14,"column":10},"end":{"line":14,"column":25}}],"line":12}},"s":{"0":12,"1":12,"2":2,"3":2,"4":2,"5":2,"6":0,"7":0,"8":0,"9":0,"10":1,"11":1,"12":2,"13":2,"14":4,"15":4,"16":2,"17":2,"18":1,"19":1,"20":6},"f":{"0":12,"1":2,"2":0},"b":{"0":[2,0,0,1,2,4,2,1],"1":[0,0]},"_coverageSchema":"1a1c01bbd47fc00a2c39e90264f33305004495a9","hash":"f580c5b80b81eeb976dd80b4ce297eda4bfd76e5"}
,"C:\\Users\\msyrr\\Desktop\\final\\PlantCare\\server\\models\\locationModel.js": {"path":"C:\\Users\\msyrr\\Desktop\\final\\PlantCare\\server\\models\\locationModel.js","statementMap":{"0":{"start":{"line":1,"column":18},"end":{"line":1,"column":46}},"1":{"start":{"line":2,"column":21},"end":{"line":2,"column":39}},"2":{"start":{"line":4,"column":20},"end":{"line":14,"column":1}},"3":{"start":{"line":5,"column":13},"end":{"line":5,"column":20}},"4":{"start":{"line":6,"column":2},"end":{"line":13,"column":15}},"5":{"start":{"line":16,"column":20},"end":{"line":19,"column":1}},"6":{"start":{"line":17,"column":13},"end":{"line":17,"column":20}},"7":{"start":{"line":18,"column":2},"end":{"line":18,"column":70}},"8":{"start":{"line":21,"column":23},"end":{"line":34,"column":1}},"9":{"start":{"line":22,"column":13},"end":{"line":22,"column":20}},"10":{"start":{"line":23,"column":16},"end":{"line":23,"column":41}},"11":{"start":{"line":24,"column":20},"end":{"line":26,"column":3}},"12":{"start":{"line":27,"column":17},"end":{"line":27,"column":77}},"13":{"start":{"line":29,"column":2},"end":{"line":31,"column":3}},"14":{"start":{"line":30,"column":4},"end":{"line":30,"column":49}},"15":{"start":{"line":33,"column":2},"end":{"line":33,"column":36}},"16":{"start":{"line":36,"column":0},"end":{"line":36,"column":62}}},"fnMap":{"0":{"name":"(anonymous_0)","decl":{"start":{"line":4,"column":20},"end":{"line":4,"column":21}},"loc":{"start":{"line":4,"column":34},"end":{"line":14,"column":1}},"line":4},"1":{"name":"(anonymous_1)","decl":{"start":{"line":16,"column":20},"end":{"line":16,"column":21}},"loc":{"start":{"line":16,"column":44},"end":{"line":19,"column":1}},"line":16},"2":{"name":"(anonymous_2)","decl":{"start":{"line":21,"column":23},"end":{"line":21,"column":24}},"loc":{"start":{"line":21,"column":46},"end":{"line":34,"column":1}},"line":21}},"branchMap":{"0":{"loc":{"start":{"line":29,"column":2},"end":{"line":31,"column":3}},"type":"if","locations":[{"start":{"line":29,"column":2},"end":{"line":31,"column":3}},{"start":{},"end":{}}],"line":29}},"s":{"0":6,"1":6,"2":6,"3":1,"4":1,"5":6,"6":1,"7":1,"8":6,"9":1,"10":1,"11":1,"12":1,"13":1,"14":0,"15":1,"16":6},"f":{"0":1,"1":1,"2":1},"b":{"0":[0,1]},"_coverageSchema":"1a1c01bbd47fc00a2c39e90264f33305004495a9","hash":"88bdceb7020c36461b4c3014384cd217a2989f51"}
,"C:\\Users\\msyrr\\Desktop\\final\\PlantCare\\server\\models\\plantModel.js": {"path":"C:\\Users\\msyrr\\Desktop\\final\\PlantCare\\server\\models\\plantModel.js","statementMap":{"0":{"start":{"line":1,"column":18},"end":{"line":1,"column":46}},"1":{"start":{"line":3,"column":17},"end":{"line":3,"column":44}},"2":{"start":{"line":5,"column":18},"end":{"line":8,"column":1}},"3":{"start":{"line":6,"column":13},"end":{"line":6,"column":20}},"4":{"start":{"line":7,"column":2},"end":{"line":7,"column":56}},"5":{"start":{"line":10,"column":21},"end":{"line":14,"column":1}},"6":{"start":{"line":11,"column":13},"end":{"line":11,"column":20}},"7":{"start":{"line":12,"column":21},"end":{"line":12,"column":44}},"8":{"start":{"line":13,"column":2},"end":{"line":13,"column":61}},"9":{"start":{"line":16,"column":21},"end":{"line":20,"column":1}},"10":{"start":{"line":17,"column":13},"end":{"line":17,"column":20}},"11":{"start":{"line":18,"column":21},"end":{"line":18,"column":46}},"12":{"start":{"line":19,"column":2},"end":{"line":19,"column":43}},"13":{"start":{"line":22,"column":20},"end":{"line":48,"column":1}},"14":{"start":{"line":23,"column":13},"end":{"line":23,"column":20}},"15":{"start":{"line":24,"column":21},"end":{"line":24,"column":46}},"16":{"start":{"line":25,"column":2},"end":{"line":47,"column":14}},"17":{"start":{"line":50,"column":23},"end":{"line":76,"column":1}},"18":{"start":{"line":51,"column":13},"end":{"line":51,"column":20}},"19":{"start":{"line":52,"column":21},"end":{"line":52,"column":46}},"20":{"start":{"line":53,"column":2},"end":{"line":75,"column":15}},"21":{"start":{"line":78,"column":22},"end":{"line":90,"column":1}},"22":{"start":{"line":79,"column":13},"end":{"line":79,"column":20}},"23":{"start":{"line":80,"column":21},"end":{"line":80,"column":46}},"24":{"start":{"line":81,"column":17},"end":{"line":85,"column":3}},"25":{"start":{"line":86,"column":2},"end":{"line":88,"column":3}},"26":{"start":{"line":87,"column":4},"end":{"line":87,"column":63}},"27":{"start":{"line":89,"column":2},"end":{"line":89,"column":29}},"28":{"start":{"line":92,"column":0},"end":{"line":99,"column":2}}},"fnMap":{"0":{"name":"(anonymous_0)","decl":{"start":{"line":5,"column":18},"end":{"line":5,"column":19}},"loc":{"start":{"line":5,"column":30},"end":{"line":8,"column":1}},"line":5},"1":{"name":"(anonymous_1)","decl":{"start":{"line":10,"column":21},"end":{"line":10,"column":22}},"loc":{"start":{"line":10,"column":35},"end":{"line":14,"column":1}},"line":10},"2":{"name":"(anonymous_2)","decl":{"start":{"line":16,"column":21},"end":{"line":16,"column":22}},"loc":{"start":{"line":16,"column":38},"end":{"line":20,"column":1}},"line":16},"3":{"name":"(anonymous_3)","decl":{"start":{"line":22,"column":20},"end":{"line":22,"column":21}},"loc":{"start":{"line":22,"column":34},"end":{"line":48,"column":1}},"line":22},"4":{"name":"(anonymous_4)","decl":{"start":{"line":50,"column":23},"end":{"line":50,"column":24}},"loc":{"start":{"line":50,"column":48},"end":{"line":76,"column":1}},"line":50},"5":{"name":"(anonymous_5)","decl":{"start":{"line":78,"column":22},"end":{"line":78,"column":23}},"loc":{"start":{"line":78,"column":48},"end":{"line":90,"column":1}},"line":78}},"branchMap":{"0":{"loc":{"start":{"line":86,"column":2},"end":{"line":88,"column":3}},"type":"if","locations":[{"start":{"line":86,"column":2},"end":{"line":88,"column":3}},{"start":{},"end":{}}],"line":86}},"s":{"0":6,"1":6,"2":6,"3":1,"4":1,"5":6,"6":2,"7":2,"8":2,"9":6,"10":2,"11":2,"12":2,"13":6,"14":1,"15":1,"16":1,"17":6,"18":2,"19":2,"20":2,"21":6,"22":1,"23":1,"24":1,"25":1,"26":0,"27":1,"28":6},"f":{"0":1,"1":2,"2":2,"3":1,"4":2,"5":1},"b":{"0":[0,1]},"_coverageSchema":"1a1c01bbd47fc00a2c39e90264f33305004495a9","hash":"abb509705be05b754f25523a9814ea708fc4c10a"}
,"C:\\Users\\msyrr\\Desktop\\final\\PlantCare\\server\\models\\shopModel.js": {"path":"C:\\Users\\msyrr\\Desktop\\final\\PlantCare\\server\\models\\shopModel.js","statementMap":{"0":{"start":{"line":1,"column":18},"end":{"line":1,"column":46}},"1":{"start":{"line":3,"column":17},"end":{"line":3,"column":44}},"2":{"start":{"line":5,"column":28},"end":{"line":9,"column":1}},"3":{"start":{"line":6,"column":13},"end":{"line":6,"column":20}},"4":{"start":{"line":7,"column":21},"end":{"line":7,"column":49}},"5":{"start":{"line":8,"column":2},"end":{"line":8,"column":43}},"6":{"start":{"line":11,"column":32},"end":{"line":15,"column":1}},"7":{"start":{"line":12,"column":13},"end":{"line":12,"column":20}},"8":{"start":{"line":13,"column":21},"end":{"line":13,"column":49}},"9":{"start":{"line":14,"column":2},"end":{"line":14,"column":61}},"10":{"start":{"line":17,"column":24},"end":{"line":40,"column":1}},"11":{"start":{"line":18,"column":13},"end":{"line":18,"column":20}},"12":{"start":{"line":19,"column":26},"end":{"line":19,"column":48}},"13":{"start":{"line":20,"column":32},"end":{"line":20,"column":60}},"14":{"start":{"line":22,"column":19},"end":{"line":37,"column":3}},"15":{"start":{"line":39,"column":2},"end":{"line":39,"column":61}},"16":{"start":{"line":42,"column":26},"end":{"line":51,"column":1}},"17":{"start":{"line":43,"column":13},"end":{"line":43,"column":20}},"18":{"start":{"line":44,"column":2},"end":{"line":44,"column":23}},"19":{"start":{"line":45,"column":17},"end":{"line":49,"column":3}},"20":{"start":{"line":50,"column":2},"end":{"line":50,"column":22}},"21":{"start":{"line":53,"column":0},"end":{"line":58,"column":2}}},"fnMap":{"0":{"name":"(anonymous_0)","decl":{"start":{"line":5,"column":28},"end":{"line":5,"column":29}},"loc":{"start":{"line":5,"column":40},"end":{"line":9,"column":1}},"line":5},"1":{"name":"(anonymous_1)","decl":{"start":{"line":11,"column":32},"end":{"line":11,"column":33}},"loc":{"start":{"line":11,"column":46},"end":{"line":15,"column":1}},"line":11},"2":{"name":"(anonymous_2)","decl":{"start":{"line":17,"column":24},"end":{"line":17,"column":25}},"loc":{"start":{"line":17,"column":42},"end":{"line":40,"column":1}},"line":17},"3":{"name":"(anonymous_3)","decl":{"start":{"line":42,"column":26},"end":{"line":42,"column":27}},"loc":{"start":{"line":42,"column":40},"end":{"line":51,"column":1}},"line":42}},"branchMap":{},"s":{"0":6,"1":6,"2":6,"3":1,"4":1,"5":1,"6":6,"7":2,"8":2,"9":2,"10":6,"11":1,"12":1,"13":1,"14":1,"15":1,"16":6,"17":1,"18":1,"19":1,"20":1,"21":6},"f":{"0":1,"1":2,"2":1,"3":1},"b":{},"_coverageSchema":"1a1c01bbd47fc00a2c39e90264f33305004495a9","hash":"670a500de5a28a31059ed990afbb9ac44ff8eec1"}
,"C:\\Users\\msyrr\\Desktop\\final\\PlantCare\\server\\models\\userModel.js": {"path":"C:\\Users\\msyrr\\Desktop\\final\\PlantCare\\server\\models\\userModel.js","statementMap":{"0":{"start":{"line":1,"column":21},"end":{"line":1,"column":39}},"1":{"start":{"line":2,"column":18},"end":{"line":2,"column":46}},"2":{"start":{"line":4,"column":17},"end":{"line":13,"column":1}},"3":{"start":{"line":5,"column":13},"end":{"line":5,"column":20}},"4":{"start":{"line":6,"column":2},"end":{"line":12,"column":6}},"5":{"start":{"line":16,"column":17},"end":{"line":19,"column":1}},"6":{"start":{"line":17,"column":13},"end":{"line":17,"column":20}},"7":{"start":{"line":18,"column":2},"end":{"line":18,"column":54}},"8":{"start":{"line":21,"column":20},"end":{"line":24,"column":1}},"9":{"start":{"line":22,"column":13},"end":{"line":22,"column":20}},"10":{"start":{"line":23,"column":2},"end":{"line":23,"column":72}},"11":{"start":{"line":26,"column":19},"end":{"line":29,"column":1}},"12":{"start":{"line":27,"column":13},"end":{"line":27,"column":20}},"13":{"start":{"line":28,"column":2},"end":{"line":28,"column":53}},"14":{"start":{"line":31,"column":20},"end":{"line":34,"column":1}},"15":{"start":{"line":32,"column":13},"end":{"line":32,"column":20}},"16":{"start":{"line":33,"column":2},"end":{"line":33,"column":97}},"17":{"start":{"line":36,"column":26},"end":{"line":39,"column":1}},"18":{"start":{"line":37,"column":13},"end":{"line":37,"column":20}},"19":{"start":{"line":38,"column":2},"end":{"line":38,"column":59}},"20":{"start":{"line":41,"column":23},"end":{"line":44,"column":1}},"21":{"start":{"line":42,"column":13},"end":{"line":42,"column":20}},"22":{"start":{"line":43,"column":2},"end":{"line":43,"column":56}},"23":{"start":{"line":46,"column":0},"end":{"line":46,"column":113}}},"fnMap":{"0":{"name":"(anonymous_0)","decl":{"start":{"line":4,"column":17},"end":{"line":4,"column":18}},"loc":{"start":{"line":4,"column":41},"end":{"line":13,"column":1}},"line":4},"1":{"name":"(anonymous_1)","decl":{"start":{"line":16,"column":17},"end":{"line":16,"column":18}},"loc":{"start":{"line":16,"column":29},"end":{"line":19,"column":1}},"line":16},"2":{"name":"(anonymous_2)","decl":{"start":{"line":21,"column":20},"end":{"line":21,"column":21}},"loc":{"start":{"line":21,"column":34},"end":{"line":24,"column":1}},"line":21},"3":{"name":"(anonymous_3)","decl":{"start":{"line":26,"column":19},"end":{"line":26,"column":20}},"loc":{"start":{"line":26,"column":35},"end":{"line":29,"column":1}},"line":26},"4":{"name":"(anonymous_4)","decl":{"start":{"line":31,"column":20},"end":{"line":31,"column":21}},"loc":{"start":{"line":31,"column":42},"end":{"line":34,"column":1}},"line":31},"5":{"name":"(anonymous_5)","decl":{"start":{"line":36,"column":26},"end":{"line":36,"column":27}},"loc":{"start":{"line":36,"column":46},"end":{"line":39,"column":1}},"line":36},"6":{"name":"(anonymous_6)","decl":{"start":{"line":41,"column":23},"end":{"line":41,"column":24}},"loc":{"start":{"line":41,"column":40},"end":{"line":44,"column":1}},"line":41}},"branchMap":{},"s":{"0":6,"1":6,"2":6,"3":1,"4":1,"5":6,"6":0,"7":0,"8":6,"9":2,"10":2,"11":6,"12":1,"13":1,"14":6,"15":1,"16":1,"17":6,"18":1,"19":1,"20":6,"21":8,"22":8,"23":6},"f":{"0":1,"1":0,"2":2,"3":1,"4":1,"5":1,"6":8},"b":{},"_coverageSchema":"1a1c01bbd47fc00a2c39e90264f33305004495a9","hash":"447e5c5acec0bc3380fdc30d425a37d43e5b8baa"}
,"C:\\Users\\msyrr\\Desktop\\final\\PlantCare\\server\\routes\\index.js": {"path":"C:\\Users\\msyrr\\Desktop\\final\\PlantCare\\server\\routes\\index.js","statementMap":{"0":{"start":{"line":1,"column":16},"end":{"line":1,"column":34}},"1":{"start":{"line":2,"column":15},"end":{"line":2,"column":31}},"2":{"start":{"line":3,"column":19},"end":{"line":3,"column":42}},"3":{"start":{"line":4,"column":20},"end":{"line":4,"column":44}},"4":{"start":{"line":5,"column":22},"end":{"line":5,"column":48}},"5":{"start":{"line":6,"column":23},"end":{"line":6,"column":50}},"6":{"start":{"line":7,"column":26},"end":{"line":7,"column":56}},"7":{"start":{"line":10,"column":0},"end":{"line":10,"column":28}},"8":{"start":{"line":13,"column":0},"end":{"line":13,"column":35}},"9":{"start":{"line":16,"column":0},"end":{"line":16,"column":39}},"10":{"start":{"line":17,"column":0},"end":{"line":17,"column":41}},"11":{"start":{"line":20,"column":0},"end":{"line":20,"column":46}},"12":{"start":{"line":22,"column":0},"end":{"line":22,"column":24}}},"fnMap":{},"branchMap":{},"s":{"0":6,"1":6,"2":6,"3":6,"4":6,"5":6,"6":6,"7":6,"8":6,"9":6,"10":6,"11":6,"12":6},"f":{},"b":{},"_coverageSchema":"1a1c01bbd47fc00a2c39e90264f33305004495a9","hash":"61830ef9f24e8ee5fab7a3c8fc65a3ab021ccb44"}
,"C:\\Users\\msyrr\\Desktop\\final\\PlantCare\\server\\routes\\locationRoutes.js": {"path":"C:\\Users\\msyrr\\Desktop\\final\\PlantCare\\server\\routes\\locationRoutes.js","statementMap":{"0":{"start":{"line":1,"column":16},"end":{"line":1,"column":34}},"1":{"start":{"line":2,"column":15},"end":{"line":2,"column":31}},"2":{"start":{"line":3,"column":23},"end":{"line":3,"column":62}},"3":{"start":{"line":4,"column":27},"end":{"line":4,"column":71}},"4":{"start":{"line":6,"column":0},"end":{"line":6,"column":68}},"5":{"start":{"line":7,"column":0},"end":{"line":7,"column":68}},"6":{"start":{"line":8,"column":0},"end":{"line":8,"column":52}},"7":{"start":{"line":10,"column":0},"end":{"line":10,"column":24}}},"fnMap":{},"branchMap":{},"s":{"0":6,"1":6,"2":6,"3":6,"4":6,"5":6,"6":6,"7":6},"f":{},"b":{},"_coverageSchema":"1a1c01bbd47fc00a2c39e90264f33305004495a9","hash":"d2ebb5104afe21cfb7488f2088a8f5262c94d9b6"}
,"C:\\Users\\msyrr\\Desktop\\final\\PlantCare\\server\\routes\\myPlantRoutes.js": {"path":"C:\\Users\\msyrr\\Desktop\\final\\PlantCare\\server\\routes\\myPlantRoutes.js","statementMap":{"0":{"start":{"line":1,"column":16},"end":{"line":1,"column":34}},"1":{"start":{"line":2,"column":26},"end":{"line":2,"column":69}},"2":{"start":{"line":3,"column":23},"end":{"line":3,"column":62}},"3":{"start":{"line":4,"column":15},"end":{"line":4,"column":31}},"4":{"start":{"line":7,"column":0},"end":{"line":7,"column":66}},"5":{"start":{"line":8,"column":0},"end":{"line":8,"column":56}},"6":{"start":{"line":9,"column":0},"end":{"line":9,"column":76}},"7":{"start":{"line":11,"column":0},"end":{"line":11,"column":24}}},"fnMap":{},"branchMap":{},"s":{"0":6,"1":6,"2":6,"3":6,"4":6,"5":6,"6":6,"7":6},"f":{},"b":{},"_coverageSchema":"1a1c01bbd47fc00a2c39e90264f33305004495a9","hash":"bd7f50c70995650f120c60038819e68421d6a48f"}
,"C:\\Users\\msyrr\\Desktop\\final\\PlantCare\\server\\routes\\plantMarketRoutes.js": {"path":"C:\\Users\\msyrr\\Desktop\\final\\PlantCare\\server\\routes\\plantMarketRoutes.js","statementMap":{"0":{"start":{"line":1,"column":16},"end":{"line":1,"column":34}},"1":{"start":{"line":2,"column":15},"end":{"line":2,"column":31}},"2":{"start":{"line":3,"column":23},"end":{"line":3,"column":62}},"3":{"start":{"line":4,"column":23},"end":{"line":4,"column":63}},"4":{"start":{"line":6,"column":0},"end":{"line":6,"column":68}},"5":{"start":{"line":7,"column":0},"end":{"line":7,"column":77}},"6":{"start":{"line":8,"column":0},"end":{"line":8,"column":82}},"7":{"start":{"line":9,"column":0},"end":{"line":9,"column":74}},"8":{"start":{"line":11,"column":0},"end":{"line":11,"column":23}}},"fnMap":{},"branchMap":{},"s":{"0":6,"1":6,"2":6,"3":6,"4":6,"5":6,"6":6,"7":6,"8":6},"f":{},"b":{},"_coverageSchema":"1a1c01bbd47fc00a2c39e90264f33305004495a9","hash":"d0dcb5040f6e07d1629e8a89d438aed81a22847c"}
,"C:\\Users\\msyrr\\Desktop\\final\\PlantCare\\server\\routes\\plantRoutes.js": {"path":"C:\\Users\\msyrr\\Desktop\\final\\PlantCare\\server\\routes\\plantRoutes.js","statementMap":{"0":{"start":{"line":1,"column":16},"end":{"line":1,"column":34}},"1":{"start":{"line":2,"column":15},"end":{"line":2,"column":31}},"2":{"start":{"line":3,"column":24},"end":{"line":3,"column":65}},"3":{"start":{"line":4,"column":23},"end":{"line":4,"column":62}},"4":{"start":{"line":6,"column":15},"end":{"line":6,"column":32}},"5":{"start":{"line":8,"column":15},"end":{"line":8,"column":58}},"6":{"start":{"line":10,"column":0},"end":{"line":10,"column":62}},"7":{"start":{"line":11,"column":0},"end":{"line":16,"column":2}},"8":{"start":{"line":17,"column":0},"end":{"line":17,"column":65}},"9":{"start":{"line":20,"column":0},"end":{"line":20,"column":24}}},"fnMap":{},"branchMap":{},"s":{"0":6,"1":6,"2":6,"3":6,"4":6,"5":6,"6":6,"7":6,"8":6,"9":6},"f":{},"b":{},"_coverageSchema":"1a1c01bbd47fc00a2c39e90264f33305004495a9","hash":"2c8732f259fa803f40878e66cff09abe1e1c545a"}
,"C:\\Users\\msyrr\\Desktop\\final\\PlantCare\\server\\routes\\userRoutes.js": {"path":"C:\\Users\\msyrr\\Desktop\\final\\PlantCare\\server\\routes\\userRoutes.js","statementMap":{"0":{"start":{"line":1,"column":16},"end":{"line":1,"column":34}},"1":{"start":{"line":2,"column":15},"end":{"line":2,"column":31}},"2":{"start":{"line":3,"column":23},"end":{"line":3,"column":63}},"3":{"start":{"line":4,"column":23},"end":{"line":4,"column":62}},"4":{"start":{"line":5,"column":15},"end":{"line":5,"column":32}},"5":{"start":{"line":6,"column":34},"end":{"line":6,"column":77}},"6":{"start":{"line":8,"column":15},"end":{"line":8,"column":58}},"7":{"start":{"line":11,"column":0},"end":{"line":11,"column":44}},"8":{"start":{"line":12,"column":0},"end":{"line":12,"column":50}},"9":{"start":{"line":15,"column":0},"end":{"line":15,"column":63}},"10":{"start":{"line":18,"column":0},"end":{"line":18,"column":72}},"11":{"start":{"line":21,"column":0},"end":{"line":21,"column":85}},"12":{"start":{"line":26,"column":0},"end":{"line":31,"column":4}},"13":{"start":{"line":33,"column":0},"end":{"line":33,"column":24}}},"fnMap":{},"branchMap":{},"s":{"0":6,"1":6,"2":6,"3":6,"4":6,"5":6,"6":6,"7":6,"8":6,"9":6,"10":6,"11":6,"12":6,"13":6},"f":{},"b":{},"_coverageSchema":"1a1c01bbd47fc00a2c39e90264f33305004495a9","hash":"211214e30299f344c8c6ab856b72e599d83e91fc"}
,"C:\\Users\\msyrr\\Desktop\\final\\PlantCare\\server\\schemas\\userSchema.js": {"path":"C:\\Users\\msyrr\\Desktop\\final\\PlantCare\\server\\schemas\\userSchema.js","statementMap":{"0":{"start":{"line":1,"column":14},"end":{"line":1,"column":28}},"1":{"start":{"line":3,"column":23},"end":{"line":8,"column":2}},"2":{"start":{"line":10,"column":20},"end":{"line":13,"column":2}},"3":{"start":{"line":15,"column":0},"end":{"line":15,"column":49}}},"fnMap":{},"branchMap":{},"s":{"0":6,"1":6,"2":6,"3":6},"f":{},"b":{},"_coverageSchema":"1a1c01bbd47fc00a2c39e90264f33305004495a9","hash":"b5098bc8133d4e13fe5233889a72a012200a6bc3"}
}
