TN:
SF:index.js
FN:23,(anonymous_0)
FNF:1
FNH:0
FNDA:0,(anonymous_0)
DA:1,6
DA:2,6
DA:5,6
DA:6,6
DA:7,6
DA:8,6
DA:9,6
DA:11,6
DA:12,6
DA:14,6
DA:15,6
DA:16,6
DA:17,6
DA:19,6
DA:20,6
DA:22,6
DA:23,0
DA:24,0
DA:28,6
LF:19
LH:17
BRDA:1,0,0,6
BRDA:1,0,1,0
BRDA:11,1,0,6
BRDA:11,1,1,6
BRDA:22,2,0,0
BRDA:22,2,1,6
BRF:6
BRH:4
end_of_record
TN:
SF:config/firebase-config.js
FNF:0
FNH:0
DA:1,6
DA:2,6
DA:3,6
DA:12,6
DA:13,6
DA:15,6
LF:6
LH:6
BRF:0
BRH:0
end_of_record
TN:
SF:config/mongoDb.js
FN:6,(anonymous_0)
FN:19,(anonymous_1)
FNF:2
FNH:2
FNDA:12,(anonymous_0)
FNDA:52,(anonymous_1)
DA:1,6
DA:3,6
DA:6,6
DA:7,12
DA:8,12
DA:9,12
DA:11,12
DA:12,12
DA:13,12
DA:15,0
DA:19,6
DA:20,52
DA:21,0
DA:23,52
DA:26,6
LF:15
LH:13
BRDA:11,0,0,12
BRDA:11,0,1,0
BRDA:20,1,0,0
BRDA:20,1,1,52
BRF:4
BRH:2
end_of_record
TN:
SF:controllers/locationController.js
FN:8,(anonymous_0)
FN:18,(anonymous_1)
FN:32,(anonymous_2)
FNF:3
FNH:1
FNDA:0,(anonymous_0)
FNDA:0,(anonymous_1)
FNDA:2,(anonymous_2)
DA:5,6
DA:9,0
DA:10,0
DA:11,0
DA:12,0
DA:14,0
DA:19,0
DA:20,0
DA:21,0
DA:22,0
DA:23,0
DA:25,0
DA:26,0
DA:28,0
DA:33,2
DA:34,2
DA:35,2
DA:37,2
DA:38,1
DA:41,1
DA:43,0
DA:45,1
DA:50,6
LF:23
LH:9
BRDA:22,0,0,0
BRDA:22,0,1,0
BRDA:37,1,0,1
BRDA:37,1,1,1
BRF:4
BRH:2
end_of_record
TN:
SF:controllers/myPlantController.js
FN:4,(anonymous_0)
FN:8,(anonymous_1)
FN:10,(anonymous_2)
FN:32,(anonymous_3)
FN:43,(anonymous_4)
FNF:5
FNH:0
FNDA:0,(anonymous_0)
FNDA:0,(anonymous_1)
FNDA:0,(anonymous_2)
FNDA:0,(anonymous_3)
FNDA:0,(anonymous_4)
DA:1,6
DA:5,0
DA:6,0
DA:7,0
DA:8,0
DA:9,0
DA:10,0
DA:11,0
DA:12,0
DA:13,0
DA:15,0
DA:16,0
DA:17,0
DA:26,0
DA:28,0
DA:33,0
DA:34,0
DA:35,0
DA:36,0
DA:37,0
DA:39,0
DA:44,0
DA:45,0
DA:46,0
DA:47,0
DA:49,0
DA:54,6
LF:27
LH:2
BRDA:9,0,0,0
BRDA:9,0,1,0
BRDA:11,1,0,0
BRDA:11,1,1,0
BRDA:15,2,0,0
BRDA:15,2,1,0
BRDA:15,3,0,0
BRDA:15,3,1,0
BRDA:16,4,0,0
BRDA:16,4,1,0
BRF:10
BRH:0
end_of_record
TN:
SF:controllers/paymentController.js
FN:8,(anonymous_0)
FNF:1
FNH:0
FNDA:0,(anonymous_0)
DA:1,6
DA:2,6
DA:3,6
DA:4,6
DA:5,6
DA:9,0
DA:10,0
DA:15,0
DA:16,0
DA:17,0
DA:18,0
DA:23,0
DA:24,0
DA:25,0
DA:28,0
DA:29,0
DA:30,0
DA:31,0
DA:33,0
DA:34,0
DA:37,0
DA:53,0
DA:54,0
DA:57,0
DA:69,0
DA:71,0
DA:77,0
DA:78,0
DA:83,6
LF:29
LH:6
BRDA:17,0,0,0
BRDA:17,0,1,0
BRDA:17,1,0,0
BRDA:17,1,1,0
BRDA:24,2,0,0
BRDA:24,2,1,0
BRDA:33,3,0,0
BRDA:33,3,1,0
BRF:8
BRH:0
end_of_record
TN:
SF:controllers/plantController.js
FN:14,(anonymous_0)
FN:23,(anonymous_1)
FN:35,(anonymous_2)
FNF:3
FNH:0
FNDA:0,(anonymous_0)
FNDA:0,(anonymous_1)
FNDA:0,(anonymous_2)
DA:1,6
DA:7,6
DA:9,6
DA:10,6
DA:11,6
DA:15,0
DA:16,0
DA:17,0
DA:19,0
DA:24,0
DA:25,0
DA:26,0
DA:27,0
DA:29,0
DA:31,0
DA:36,0
DA:37,0
DA:38,0
DA:39,0
DA:40,0
DA:43,0
DA:44,0
DA:45,0
DA:46,0
DA:48,0
DA:49,0
DA:59,0
DA:60,0
DA:61,0
DA:63,0
DA:68,6
LF:31
LH:6
BRDA:26,0,0,0
BRDA:26,0,1,0
BRDA:39,1,0,0
BRDA:39,1,1,0
BRF:4
BRH:0
end_of_record
TN:
SF:controllers/shopController.js
FN:9,(anonymous_0)
FN:18,(anonymous_1)
FN:30,(anonymous_2)
FN:41,(anonymous_3)
FNF:4
FNH:0
FNDA:0,(anonymous_0)
FNDA:0,(anonymous_1)
FNDA:0,(anonymous_2)
FNDA:0,(anonymous_3)
DA:6,6
DA:10,0
DA:11,0
DA:12,0
DA:14,0
DA:19,0
DA:20,0
DA:21,0
DA:22,0
DA:24,0
DA:26,0
DA:31,0
DA:32,0
DA:33,0
DA:34,0
DA:36,0
DA:37,0
DA:42,0
DA:43,0
DA:44,0
DA:45,0
DA:47,0
DA:53,6
LF:23
LH:2
BRDA:21,0,0,0
BRDA:21,0,1,0
BRF:2
BRH:0
end_of_record
TN:
SF:controllers/userController.js
FN:24,(anonymous_0)
FN:33,(anonymous_1)
FN:47,(anonymous_2)
FN:58,(anonymous_3)
FN:91,(anonymous_4)
FN:122,(anonymous_5)
FNF:6
FNH:5
FNDA:0,(anonymous_0)
FNDA:1,(anonymous_1)
FNDA:1,(anonymous_2)
FNDA:2,(anonymous_3)
FNDA:2,(anonymous_4)
FNDA:8,(anonymous_5)
DA:1,6
DA:2,6
DA:3,6
DA:4,6
DA:8,6
DA:9,6
DA:10,6
DA:20,6
DA:21,6
DA:25,0
DA:26,0
DA:27,0
DA:29,0
DA:34,1
DA:35,1
DA:37,1
DA:38,1
DA:39,0
DA:41,1
DA:43,0
DA:48,1
DA:49,1
DA:50,1
DA:51,1
DA:52,1
DA:54,0
DA:59,2
DA:60,2
DA:61,2
DA:63,2
DA:65,2
DA:66,1
DA:69,1
DA:71,1
DA:72,1
DA:74,1
DA:75,1
DA:83,1
DA:85,1
DA:87,0
DA:92,2
DA:93,2
DA:97,1
DA:98,1
DA:99,0
DA:102,1
DA:103,1
DA:104,0
DA:107,1
DA:108,1
DA:114,1
DA:118,1
DA:123,8
DA:124,8
DA:126,7
DA:127,7
DA:128,5
DA:131,2
DA:132,2
DA:133,1
DA:136,1
DA:138,1
DA:140,7
DA:145,6
LF:64
LH:54
BRDA:38,0,0,0
BRDA:38,0,1,1
BRDA:65,1,0,1
BRDA:65,1,1,1
BRDA:98,2,0,0
BRDA:98,2,1,1
BRDA:103,3,0,0
BRDA:103,3,1,1
BRDA:127,4,0,5
BRDA:127,4,1,2
BRDA:132,5,0,1
BRDA:132,5,1,1
BRF:12
BRH:9
end_of_record
TN:
SF:helpers/bcrypt.js
FN:3,(anonymous_0)
FN:8,(anonymous_1)
FNF:2
FNH:2
FNDA:1,(anonymous_0)
FNDA:2,(anonymous_1)
DA:1,6
DA:3,6
DA:4,1
DA:5,1
DA:8,6
DA:9,2
DA:12,6
LF:7
LH:7
BRF:0
BRH:0
end_of_record
TN:
SF:helpers/jwt.js
FN:5,(anonymous_0)
FN:9,(anonymous_1)
FNF:2
FNH:2
FNDA:1,(anonymous_0)
FNDA:23,(anonymous_1)
DA:1,6
DA:3,6
DA:5,6
DA:6,1
DA:9,6
DA:10,23
DA:13,6
LF:7
LH:7
BRF:0
BRH:0
end_of_record
TN:
SF:middleware/authentication.js
FN:5,authentication
FNF:1
FNH:1
FNDA:27,authentication
DA:1,6
DA:2,6
DA:3,6
DA:6,27
DA:7,27
DA:8,27
DA:9,4
DA:12,23
DA:13,23
DA:15,4
DA:19,4
DA:20,0
DA:23,4
DA:28,4
DA:30,23
DA:34,6
LF:16
LH:15
BRDA:8,0,0,4
BRDA:8,0,1,23
BRDA:19,1,0,0
BRDA:19,1,1,4
BRF:4
BRH:3
end_of_record
TN:
SF:middleware/errorHandler.js
FN:1,errorHandler
FN:5,(anonymous_1)
FN:13,(anonymous_2)
FNF:3
FNH:2
FNDA:32,errorHandler
FNDA:2,(anonymous_1)
FNDA:0,(anonymous_2)
DA:2,32
DA:3,32
DA:5,2
DA:6,2
DA:9,2
DA:12,0
DA:13,0
DA:15,0
DA:18,0
DA:20,6
DA:23,6
DA:25,19
DA:28,19
DA:30,4
DA:33,4
DA:35,0
DA:38,0
DA:40,1
DA:43,1
DA:47,6
LF:20
LH:14
BRDA:3,0,0,2
BRDA:3,0,1,0
BRDA:3,0,2,0
BRDA:3,0,3,6
BRDA:3,0,4,19
BRDA:3,0,5,4
BRDA:3,0,6,0
BRDA:3,0,7,1
BRDA:12,1,0,0
BRDA:12,1,1,0
BRF:10
BRH:5
end_of_record
TN:
SF:models/locationModel.js
FN:4,(anonymous_0)
FN:16,(anonymous_1)
FN:21,(anonymous_2)
FNF:3
FNH:1
FNDA:0,(anonymous_0)
FNDA:0,(anonymous_1)
FNDA:1,(anonymous_2)
DA:1,6
DA:2,6
DA:4,6
DA:5,0
DA:6,0
DA:16,6
DA:17,0
DA:18,0
DA:21,6
DA:22,1
DA:23,1
DA:24,0
DA:27,0
DA:29,0
DA:30,0
DA:33,0
DA:36,6
LF:17
LH:8
BRDA:29,0,0,0
BRDA:29,0,1,0
BRF:2
BRH:0
end_of_record
TN:
SF:models/plantModel.js
FN:5,(anonymous_0)
FN:10,(anonymous_1)
FN:16,(anonymous_2)
FN:22,(anonymous_3)
FN:50,(anonymous_4)
FN:78,(anonymous_5)
FNF:6
FNH:0
FNDA:0,(anonymous_0)
FNDA:0,(anonymous_1)
FNDA:0,(anonymous_2)
FNDA:0,(anonymous_3)
FNDA:0,(anonymous_4)
FNDA:0,(anonymous_5)
DA:1,6
DA:3,6
DA:5,6
DA:6,0
DA:7,0
DA:10,6
DA:11,0
DA:12,0
DA:13,0
DA:16,6
DA:17,0
DA:18,0
DA:19,0
DA:22,6
DA:23,0
DA:24,0
DA:25,0
DA:50,6
DA:51,0
DA:52,0
DA:53,0
DA:78,6
DA:79,0
DA:80,0
DA:81,0
DA:86,0
DA:87,0
DA:89,0
DA:92,6
LF:29
LH:9
BRDA:86,0,0,0
BRDA:86,0,1,0
BRF:2
BRH:0
end_of_record
TN:
SF:models/shopModel.js
FN:5,(anonymous_0)
FN:11,(anonymous_1)
FN:17,(anonymous_2)
FN:42,(anonymous_3)
FN:52,(anonymous_4)
FNF:5
FNH:0
FNDA:0,(anonymous_0)
FNDA:0,(anonymous_1)
FNDA:0,(anonymous_2)
FNDA:0,(anonymous_3)
FNDA:0,(anonymous_4)
DA:1,6
DA:3,6
DA:5,6
DA:6,0
DA:7,0
DA:8,0
DA:11,6
DA:12,0
DA:13,0
DA:14,0
DA:17,6
DA:18,0
DA:19,0
DA:20,0
DA:22,0
DA:39,0
DA:42,6
DA:43,0
DA:44,0
DA:49,0
DA:52,6
DA:53,0
DA:54,0
DA:58,6
LF:24
LH:8
BRF:0
BRH:0
end_of_record
TN:
SF:models/userModel.js
FN:4,(anonymous_0)
FN:16,(anonymous_1)
FN:21,(anonymous_2)
FN:26,(anonymous_3)
FN:31,(anonymous_4)
FN:36,(anonymous_5)
FN:41,(anonymous_6)
FNF:7
FNH:6
FNDA:1,(anonymous_0)
FNDA:0,(anonymous_1)
FNDA:1,(anonymous_2)
FNDA:1,(anonymous_3)
FNDA:1,(anonymous_4)
FNDA:1,(anonymous_5)
FNDA:8,(anonymous_6)
DA:1,6
DA:2,6
DA:4,6
DA:5,1
DA:6,1
DA:16,6
DA:17,0
DA:18,0
DA:21,6
DA:22,1
DA:23,1
DA:26,6
DA:27,1
DA:28,1
DA:31,6
DA:32,1
DA:33,1
DA:36,6
DA:37,1
DA:38,1
DA:41,6
DA:42,8
DA:43,8
DA:46,6
LF:24
LH:22
BRF:0
BRH:0
end_of_record
TN:
SF:routes/index.js
FNF:0
FNH:0
DA:1,6
DA:2,6
DA:3,6
DA:4,6
DA:5,6
DA:6,6
DA:7,6
DA:10,6
DA:13,6
DA:16,6
DA:17,6
DA:20,6
DA:22,6
LF:13
LH:13
BRF:0
BRH:0
end_of_record
TN:
SF:routes/locationRoutes.js
FNF:0
FNH:0
DA:1,6
DA:2,6
DA:3,6
DA:4,6
DA:6,6
DA:7,6
DA:8,6
DA:10,6
LF:8
LH:8
BRF:0
BRH:0
end_of_record
TN:
SF:routes/myPlantRoutes.js
FNF:0
FNH:0
DA:1,6
DA:2,6
DA:3,6
DA:4,6
DA:7,6
DA:8,6
DA:9,6
DA:11,6
LF:8
LH:8
BRF:0
BRH:0
end_of_record
TN:
SF:routes/plantMarketRoutes.js
FNF:0
FNH:0
DA:1,6
DA:2,6
DA:3,6
DA:4,6
DA:6,6
DA:7,6
DA:8,6
DA:9,6
DA:11,6
LF:9
LH:9
BRF:0
BRH:0
end_of_record
TN:
SF:routes/plantRoutes.js
FNF:0
FNH:0
DA:1,6
DA:2,6
DA:3,6
DA:4,6
DA:6,6
DA:8,6
DA:10,6
DA:11,6
DA:17,6
DA:19,6
LF:10
LH:10
BRF:0
BRH:0
end_of_record
TN:
SF:routes/userRoutes.js
FNF:0
FNH:0
DA:1,6
DA:2,6
DA:3,6
DA:4,6
DA:5,6
DA:6,6
DA:8,6
DA:11,6
DA:12,6
DA:15,6
DA:18,6
DA:21,6
DA:26,6
DA:33,6
LF:14
LH:14
BRF:0
BRH:0
end_of_record
TN:
SF:schemas/userSchema.js
FNF:0
FNH:0
DA:1,6
DA:3,6
DA:10,6
DA:15,6
LF:4
LH:4
BRF:0
BRH:0
end_of_record
